[2020-12-08T00:12:08.372] [INFO] default - unqfy
[2020-12-08T00:12:08.373] [INFO] default - Se ha agregado el album: november hi3
[2020-12-08T00:17:18.714] [INFO] default - unqfy
[2020-12-08T00:17:18.714] [INFO] default - Se ha agregado el album: november hi4
[2020-12-08T00:26:32.001] [INFO] default - unqfy
[2020-12-08T00:26:32.001] [INFO] default - Se ha agregado el album: november hi5
[2020-12-08T00:46:02.656] [INFO] default - unqfy
[2020-12-08T00:46:02.657] [INFO] default - Se ha agregado el album: november 12
[2020-12-08T00:48:07.228] [INFO] default - unqfy
[2020-12-08T00:48:07.228] [INFO] default - Se ha agregado el album: november 13
[2020-12-08T00:49:36.003] [INFO] default - unqfy
[2020-12-08T00:49:36.004] [INFO] default - Se ha agregado el album: november 14
[2020-12-08T14:55:21.476] [INFO] default - unqfy
[2020-12-08T14:55:21.477] [INFO] default - Se ha agregado el artista: Guns and Roses
[2020-12-08T14:55:29.203] [INFO] default - unqfy
[2020-12-08T14:55:29.203] [INFO] default - Se ha agregado el artista: Muse
[2020-12-08T14:55:30.804] [INFO] default - unqfy
[2020-12-08T14:55:30.805] [INFO] default - Se ha eliminado el artista: Muse
[2020-12-08T14:57:05.439] [INFO] default - unqfy
[2020-12-08T14:57:05.439] [INFO] default - Se ha agregado el artista: Guns and Roses
[2020-12-08T15:00:12.159] [INFO] default - unqfy
[2020-12-08T15:00:12.159] [INFO] default - Se ha agregado el artista: Guns and Roses
[2020-12-08T15:05:07.094] [INFO] default - unqfy
[2020-12-08T15:05:07.094] [INFO] default - Se ha agregado el artista: Guns and Roses
[2020-12-08T15:05:08.685] [INFO] default - unqfy
[2020-12-08T15:05:08.685] [INFO] default - Se ha agregado el artista: Muse
[2020-12-08T15:05:10.269] [INFO] default - unqfy
[2020-12-08T15:05:10.270] [INFO] default - Se ha eliminado el artista: Muse
[2020-12-08T15:06:49.129] [INFO] default - unqfy
[2020-12-08T15:06:49.130] [INFO] default - Se ha agregado el artista: Guns and Roses
[2020-12-08T15:06:50.693] [INFO] default - unqfy
[2020-12-08T15:06:50.693] [INFO] default - Se ha agregado el artista: Muse
[2020-12-08T15:06:52.239] [INFO] default - unqfy
[2020-12-08T15:06:52.239] [INFO] default - Se ha eliminado el artista: Muse
[2020-12-08T15:09:10.994] [INFO] default - unqfy
[2020-12-08T15:09:10.995] [INFO] default - Se ha agregado el artista: Guns and Roses
[2020-12-08T15:09:12.567] [INFO] default - unqfy
[2020-12-08T15:09:12.567] [INFO] default - Se ha agregado el artista: Muse
[2020-12-08T15:09:14.162] [INFO] default - unqfy
[2020-12-08T15:09:14.162] [INFO] default - Se ha eliminado el artista: Muse
[2020-12-08T15:11:50.396] [INFO] default - unqfy
[2020-12-08T15:11:50.396] [INFO] default - Se ha agregado el artista: Guns and Roses
[2020-12-08T15:11:51.994] [INFO] default - unqfy
[2020-12-08T15:11:51.995] [INFO] default - Se ha agregado el artista: Muse
[2020-12-08T15:11:53.556] [INFO] default - unqfy
[2020-12-08T15:11:53.556] [INFO] default - Se ha eliminado el artista: Muse
[2020-12-08T15:14:21.974] [INFO] default - unqfy
[2020-12-08T15:14:21.974] [INFO] default - Se ha agregado el artista: Guns and Roses
[2020-12-08T15:14:23.539] [INFO] default - unqfy
[2020-12-08T15:14:23.539] [INFO] default - Se ha agregado el artista: Muse
[2020-12-08T15:14:25.105] [INFO] default - unqfy
[2020-12-08T15:14:25.105] [INFO] default - Se ha eliminado el artista: Muse
[2020-12-08T15:14:26.652] [INFO] default - unqfy
[2020-12-08T15:14:26.652] [INFO] default - Se ha agregado el album: Appetite For Destruction
[2020-12-08T15:14:27.826] [INFO] default - unqfy
[2020-12-08T15:14:27.827] [INFO] default - Se ha eliminado el album: Appetite For Destruction
[2020-12-08T15:14:28.607] [INFO] default - unqfy
[2020-12-08T15:14:28.607] [INFO] default - Se ha agregado el album: Use Your Illusion 1
[2020-12-08T15:14:30.164] [INFO] default - unqfy
[2020-12-08T15:14:30.164] [INFO] default - Se ha eliminado el album: Appetite For Destruction
[2020-12-08T16:31:47.967] [INFO] default - unqfy
[2020-12-08T16:31:47.969] [INFO] default - Se ha agregado el artista: Guns and Roses
[2020-12-08T16:31:49.503] [INFO] default - unqfy
[2020-12-08T16:31:49.504] [INFO] default - Se ha agregado el artista: Muse
[2020-12-08T16:32:18.626] [INFO] default - unqfy
[2020-12-08T16:32:18.626] [INFO] default - Se ha agregado el artista: Guns and Roses
[2020-12-08T16:32:20.218] [INFO] default - unqfy
[2020-12-08T16:32:20.218] [INFO] default - Se ha agregado el artista: Muse
[2020-12-08T16:32:21.798] [INFO] default - unqfy
[2020-12-08T16:32:21.798] [INFO] default - Se ha eliminado el artista: Muse
[2020-12-08T16:32:23.364] [INFO] default - unqfy
[2020-12-08T16:32:23.364] [INFO] default - Se ha agregado el album: Appetite For Destruction
[2020-12-08T16:32:24.546] [INFO] default - unqfy
[2020-12-08T16:32:24.546] [INFO] default - Se ha eliminado el album: Appetite For Destruction
[2020-12-08T16:32:25.340] [INFO] default - unqfy
[2020-12-08T16:32:25.340] [INFO] default - Se ha agregado el album: Use Your Illusion 1
[2020-12-08T16:32:26.906] [INFO] default - unqfy
[2020-12-08T16:32:26.907] [INFO] default - Se ha eliminado el album: Appetite For Destruction
[2020-12-08T16:32:47.229] [INFO] default - unqfy
[2020-12-08T16:32:47.229] [INFO] default - Se ha agregado el artista: Guns and Roses
[2020-12-08T16:32:48.826] [INFO] default - unqfy
[2020-12-08T16:32:48.827] [INFO] default - Se ha agregado el artista: Muse
[2020-12-08T16:32:50.392] [INFO] default - unqfy
[2020-12-08T16:32:50.392] [INFO] default - Se ha eliminado el artista: Muse
[2020-12-08T16:32:51.984] [INFO] default - unqfy
[2020-12-08T16:32:51.984] [INFO] default - Se ha agregado el album: Appetite For Destruction
[2020-12-08T16:32:53.143] [INFO] default - unqfy
[2020-12-08T16:32:53.143] [INFO] default - Se ha eliminado el album: Appetite For Destruction
[2020-12-08T16:32:53.930] [INFO] default - unqfy
[2020-12-08T16:32:53.931] [INFO] default - Se ha agregado el album: Use Your Illusion 1
[2020-12-08T16:32:55.515] [INFO] default - unqfy
[2020-12-08T16:32:55.515] [INFO] default - Se ha eliminado el album: Appetite For Destruction
[2020-12-08T16:34:38.241] [INFO] default - unqfy
[2020-12-08T16:34:38.241] [INFO] default - Se ha agregado el artista: Guns and Roses
[2020-12-08T16:34:38.607] [INFO] default - unqfy
[2020-12-08T16:34:38.608] [INFO] default - Se ha agregado el artista: Guns and Roses
[2020-12-08T16:34:39.788] [INFO] default - unqfy
[2020-12-08T16:34:39.789] [INFO] default - Se ha agregado el artista: Muse
[2020-12-08T16:35:08.303] [INFO] default - unqfy
[2020-12-08T16:35:08.303] [INFO] default - Se ha agregado el artista: Guns and Roses
[2020-12-08T16:35:09.857] [INFO] default - unqfy
[2020-12-08T16:35:09.857] [INFO] default - Se ha agregado el artista: Muse
[2020-12-08T16:35:11.427] [INFO] default - unqfy
[2020-12-08T16:35:11.427] [INFO] default - Se ha eliminado el artista: Muse
[2020-12-08T16:35:13.017] [INFO] default - unqfy
[2020-12-08T16:35:13.018] [INFO] default - Se ha agregado el album: Appetite For Destruction
[2020-12-08T16:35:14.234] [INFO] default - unqfy
[2020-12-08T16:35:14.234] [INFO] default - Se ha eliminado el album: Appetite For Destruction
[2020-12-08T16:35:15.024] [INFO] default - unqfy
[2020-12-08T16:35:15.024] [INFO] default - Se ha agregado el album: Use Your Illusion 1
[2020-12-08T16:35:16.599] [INFO] default - unqfy
[2020-12-08T16:35:16.599] [INFO] default - Se ha eliminado el album: Appetite For Destruction
[2020-12-08T16:45:49.808] [INFO] default - unqfy
[2020-12-08T16:45:49.809] [INFO] default - Se ha agregado el artista: Guns and Roses
[2020-12-08T16:45:51.376] [INFO] default - unqfy
[2020-12-08T16:45:51.376] [INFO] default - Se ha agregado el artista: Muse
[2020-12-08T16:45:52.982] [INFO] default - unqfy
[2020-12-08T16:45:52.983] [INFO] default - Se ha eliminado el artista: Muse
[2020-12-08T16:45:54.564] [INFO] default - unqfy
[2020-12-08T16:45:54.564] [INFO] default - Se ha agregado el album: Appetite For Destruction
[2020-12-08T16:45:55.726] [INFO] default - unqfy
[2020-12-08T16:45:55.726] [INFO] default - Se ha eliminado el album: Appetite For Destruction
[2020-12-08T16:45:56.509] [INFO] default - unqfy
[2020-12-08T16:45:56.509] [INFO] default - Se ha agregado el album: Use Your Illusion 1
[2020-12-08T16:45:58.061] [INFO] default - unqfy
[2020-12-08T16:45:58.061] [INFO] default - Se ha eliminado el album: Appetite For Destruction
[2020-12-08T16:48:36.389] [INFO] default - unqfy
[2020-12-08T16:48:36.389] [INFO] default - Se ha agregado el album: Appetite For Destruction2
[2020-12-08T16:51:23.881] [INFO] default - unqfy
[2020-12-08T16:51:23.881] [INFO] default - Se ha eliminado el album: Use Your Illusion 1
