[2020-12-02T22:50:46.973] [INFO] default - unqfy
[2020-12-02T22:50:46.974] [ERROR] default - test
[2020-12-02T22:51:10.062] [INFO] default - unqfy
[2020-12-02T22:51:10.063] [INFO] default - Se ha agregado el artista: Guns and Roses2221a
[2020-12-02T22:55:15.658] [INFO] default - unqfy
[2020-12-02T22:55:15.658] [INFO] default - Se ha agregado el artista: Guns and Roses2221a
[2020-12-02T22:55:58.255] [INFO] default - unqfy
[2020-12-02T22:55:58.256] [INFO] default - Se ha agregado el artista: Guns and Roses2221a
[2020-12-02T22:56:17.483] [INFO] default - unqfy
[2020-12-02T22:56:17.485] [INFO] default - Se ha agregado el artista: Guns and Roses2221a
[2020-12-02T22:56:58.012] [INFO] default - unqfy
[2020-12-02T22:56:58.012] [INFO] default - Se ha agregado el artista: Guns and Roses2221a2
[2020-12-02T22:57:01.382] [INFO] default - unqfy
[2020-12-02T22:57:01.382] [INFO] default - Se ha agregado el artista: G2uns and Roses2221a2
[2020-12-02T22:57:23.064] [INFO] default - unqfy
[2020-12-02T22:57:23.066] [INFO] default - Se ha agregado el artista: G2uns and Roses2221a2
[2020-12-02T22:57:44.114] [INFO] default - unqfy
[2020-12-02T22:57:44.116] [INFO] default - Se ha agregado el artista: G2uns and Roses2221a2
[2020-12-02T22:58:23.333] [INFO] default - unqfy
[2020-12-02T22:58:23.333] [INFO] default - Se ha agregado el artista: G2uns22222222 and Roses22221a2
[2020-12-02T22:59:34.204] [INFO] default - unqfy
[2020-12-02T22:59:34.204] [INFO] default - Se ha agregado el artista: G2uns22222222 and Roses22221a2
[2020-12-02T23:00:04.516] [INFO] default - unqfy
[2020-12-02T23:00:04.516] [INFO] default - Se ha agregado el artista: G2uns22222222 and Roses22221a2
[2020-12-02T23:00:08.702] [INFO] default - unqfy
[2020-12-02T23:00:08.702] [INFO] default - Se ha agregado el artista: G2uns22222222 and Roses22221a2
[2020-12-02T23:00:12.335] [INFO] default - unqfy
[2020-12-02T23:00:12.335] [INFO] default - Se ha agregado el artista: G2uns22222222 an1d Roses22221a2
[2020-12-02T23:00:15.384] [INFO] default - unqfy
[2020-12-02T23:00:15.384] [INFO] default - Se ha agregado el artista: G2uns22222222 an1d 11Roses22221a2
[2020-12-02T23:00:22.894] [INFO] default - unqfy
[2020-12-02T23:00:22.896] [INFO] default - Se ha agregado el artista: G2uns22222222 an1d 11Roses22221a2
[2020-12-02T23:00:28.258] [INFO] default - unqfy
[2020-12-02T23:00:28.258] [INFO] default - Se ha agregado el artista: G2uns22222222 an1d 11Roses22221a2
[2020-12-02T23:00:43.080] [INFO] default - unqfy
[2020-12-02T23:00:43.081] [INFO] default - Se ha agregado el artista: G2uns22222222 an1d 11Roses22221a2
